<?xml version="1.0" encoding="UTF-8"?>
<!-- Generated by org.testng.reporters.JUnitReportReporter -->
<testsuite skipped="0" hostname="Anie" name="by.http.tstng.tstng_study.GoogleTest" tests="1" failures="0" timestamp="27 Dec 2017 18:27:49 GMT" time="4.782" errors="0">
  <testcase name="testGoogleSearch" time="4.782" classname="by.http.tstng.tstng_study.GoogleTest"/>
</testsuite> <!-- by.http.tstng.tstng_study.GoogleTest -->
