<?xml version="1.0" encoding="UTF-8"?>
<!-- Generated by org.testng.reporters.JUnitReportReporter -->
<testsuite skipped="0" hostname="Anie" name="by.http.tstng.tstng_study.MailRuSendEmailAutomatizationTest" tests="1" failures="0" timestamp="26 Dec 2017 16:12:37 GMT" time="59.236" errors="0">
  <testcase name="oneCanSendEmail" time="59.236" classname="by.http.tstng.tstng_study.MailRuSendEmailAutomatizationTest"/>
</testsuite> <!-- by.http.tstng.tstng_study.MailRuSendEmailAutomatizationTest -->
