<?xml version="1.0" encoding="UTF-8"?>
<!-- Generated by org.testng.reporters.JUnitReportReporter -->
<testsuite skipped="6" hostname="Anie" name="by.http.tstng.tstng_study.AppTestXPath" tests="7" failures="0" timestamp="26 Dec 2017 13:28:59 GMT" time="18.540" errors="0">
  <testcase name="task2" time="18.540" classname="by.http.tstng.tstng_study.AppTestXPath"/>
  <testcase name="task6" classname="by.http.tstng.tstng_study.AppTestXPath">
    <skipped/>
  </testcase> <!-- task6 -->
  <testcase name="task5" classname="by.http.tstng.tstng_study.AppTestXPath">
    <skipped/>
  </testcase> <!-- task5 -->
  <testcase name="task4" classname="by.http.tstng.tstng_study.AppTestXPath">
    <skipped/>
  </testcase> <!-- task4 -->
  <testcase name="task5OneMoreTest" classname="by.http.tstng.tstng_study.AppTestXPath">
    <skipped/>
  </testcase> <!-- task5OneMoreTest -->
  <testcase name="task5OneMoreTestPlus" classname="by.http.tstng.tstng_study.AppTestXPath">
    <skipped/>
  </testcase> <!-- task5OneMoreTestPlus -->
  <testcase name="task1" classname="by.http.tstng.tstng_study.AppTestXPath">
    <skipped/>
  </testcase> <!-- task1 -->
</testsuite> <!-- by.http.tstng.tstng_study.AppTestXPath -->
